#
# There is insufficient memory for the Java Runtime Environment to continue.
# Native memory allocation (malloc) failed to allocate 1048576 bytes for AllocateHeap
# Possible reasons:
#   The system is out of physical RAM or swap space
#   The process is running with CompressedOops enabled, and the Java Heap may be blocking the growth of the native heap
# Possible solutions:
#   Reduce memory load on the system
#   Increase physical memory or swap space
#   Check if swap backing store is full
#   Decrease Java heap size (-Xmx/-Xms)
#   Decrease number of Java threads
#   Decrease Java thread stack sizes (-Xss)
#   Set larger code cache with -XX:ReservedCodeCacheSize=
#   JVM is running with Unscaled Compressed Oops mode in which the Java heap is
#     placed in the first 4GB address space. The Java Heap base address is the
#     maximum limit for the native heap growth. Please use -XX:HeapBaseMinAddress
#     to set the Java Heap base and to place the Java Heap above 4GB virtual address.
# This output file may be truncated or incomplete.
#
#  Out of Memory Error (./src/hotspot/share/memory/allocation.cpp:46), pid=6936, tid=12348
#
# JRE version: OpenJDK Runtime Environment (11.0.11+9) (build 11.0.11+9-b60-7590822)
# Java VM: OpenJDK 64-Bit Server VM (11.0.11+9-b60-7590822, mixed mode, tiered, compressed oops, g1 gc, windows-amd64)
# No core dump will be written. Minidumps are not enabled by default on client versions of Windows
#

---------------  S U M M A R Y ------------

Command Line: -Dorg.gradle.appname=gradlew org.gradle.wrapper.GradleWrapperMain -q -Ptarget-platform=android-x86 -Ptarget=C:\Users\ismai\AndroidStudioProjects\ismailapp\lib\main.dart -Pbase-application-name=android.app.Application -Pdart-defines=Zmx1dHRlci5pbnNwZWN0b3Iuc3RydWN0dXJlZEVycm9ycz10cnVl,RkxVVFRFUl9XRUJfQVVUT19ERVRFQ1Q9dHJ1ZQ== -Pdart-obfuscation=false -Ptrack-widget-creation=true -Ptree-shake-icons=false -Pfilesystem-scheme=org-dartlang-root assembleDebug

Host: Intel(R) Core(TM) i5-8250U CPU @ 1.60GHz, 8 cores, 7G,  Windows 10 , 64 bit Build 22000 (10.0.22000.613)
Time: Fri May 13 00:14:37 2022 GMT Summer Time elapsed time: 1.082701 seconds (0d 0h 0m 1s)

---------------  T H R E A D  ---------------

Current thread (0x000002cc7f119000):  VMThread "VM Thread" [stack: 0x000000d11a800000,0x000000d11a900000] [id=12348]

Stack: [0x000000d11a800000,0x000000d11a900000]
[error occurred during error reporting (printing stack bounds), id 0xc0000005, EXCEPTION_ACCESS_VIOLATION (0xc0000005) at pc=0x000002cc6a850f2d]

Native frames: (J=compiled Java code, j=interpreted, Vv=VM code, C=native code)
V  [jvm.dll+0x5f214a]
V  [jvm.dll+0x726fb5]
V  [jvm.dll+0x7285cd]
V  [jvm.dll+0x728be5]
V  [jvm.dll+0x728b9b]
V  [jvm.dll+0x5f14e8]
V  [jvm.dll+0x5f1c78]
C  [ntdll.dll+0xa86ef]
C  [ntdll.dll+0x35aea]
C  [ntdll.dll+0xa76fe]
C  0x000002cc6a850f2d

VM_Operation (0x000000d11a2facf0): CollectForMetadataAllocation, mode: safepoint, requested by thread 0x000002cc66d4f800


---------------  P R O C E S S  ---------------

Threads class SMR info:
_java_thread_list=0x000002cc7fc28410, length=10, elements={
0x000002cc66d4f800, 0x000002cc7f13e000, 0x000002cc7f140000, 0x000002cc7fab7800,
0x000002cc7fab9800, 0x000002cc7fabb000, 0x000002cc7fabf000, 0x000002cc7fac3000,
0x000002cc7f16d000, 0x000002cc7fc38000
}

Java Threads: ( => current thread )
  0x000002cc66d4f800 JavaThread "main" [_thread_blocked, id=13164, stack(0x000000d11a200000,0x000000d11a300000)]
  0x000002cc7f13e000 JavaThread "Reference Handler" daemon [_thread_blocked, id=16940]
  0x000002cc7f140000 JavaThread "Finalizer" daemon [_thread_blocked, id=9636, stack(0x000000d11aa00000,0x000000d11ab00000)]
  0x000002cc7fab7800 JavaThread "Signal Dispatcher" daemon [_thread_blocked, id=15196, stack(0x000000d11ab00000,0x000000d11ac00000)]
  0x000002cc7fab9800 JavaThread "Attach Listener" daemon [_thread_blocked, id=14644, stack(0x000000d11ac00000,0x000000d11ad00000)]
  0x000002cc7fabb000 JavaThread "Service Thread" daemon [_thread_blocked, id=9600, stack(0x000000d11ad00000,0x000000d11ae00000)]
  0x000002cc7fabf000 JavaThread "C2 CompilerThread0" daemon [_thread_blocked, id=6864, stack(0x000000d11ae00000,0x000000d11af00000)]
  0x000002cc7fac3000 JavaThread "C1 CompilerThread0" daemon [_thread_blocked, id=4620, stack(0x000000d11af00000,0x000000d11b000000)]
  0x000002cc7f16d000 JavaThread "Sweeper thread" daemon [_thread_blocked, id=8988, stack(0x000000d11b000000,0x000000d11b100000)]
  0x000002cc7fc38000 JavaThread "Common-Cleaner" daemon [_thread_blocked, id=18860, stack(0x000000d11b200000,0x000000d11b300000)]

Other Threads:
=>0x000002cc7f119000 VMThread "VM Thread" [stack: 0x000000d11a800000,0x000000d11a900000] [id=12348]
  0x000002cc7fc2f800 WatcherThread [stack: 0x000000d11b100000,0x000000d11b200000] [id=11920]
  0x000002cc66d67800 GCTaskThread "GC Thread#0" [stack: 0x000000d11a300000,0x000000d11a400000] [id=10200]
  0x000002cc7fce7000 GCTaskThread "GC Thread#1" [stack: 0x000000d11b300000,0x000000d11b400000] [id=18068]
  0x000002cc66d97800 ConcurrentGCThread "G1 Main Marker" [stack: 0x000000d11a400000,0x000000d11a500000] [id=1688]
  0x000002cc66d99000 ConcurrentGCThread "G1 Conc#0" [stack: 0x000000d11a500000,0x000000d11a600000] [id=11576]
  0x000002cc7ef80800 ConcurrentGCThread "G1 Refine#0" [stack: 0x000000d11a600000,0x000000d11a700000] [id=17448]
  0x000002cc7ef81800 ConcurrentGCThread "G1 Young RemSet Sampling" [stack: 0x000000d11a700000,0x000000d11a800000] [id=9088]

Threads with active compile tasks:
C2 CompilerThread0   1131  330       4       java.lang.StringLatin1::inflate (34 bytes)

VM state:at safepoint (normal execution)

VM Mutex/Monitor currently owned by a thread:  ([mutex/lock_event])
[0x000002cc66d4c8d0] Threads_lock - owner thread: 0x000002cc7f119000
[0x000002cc66d4d530] Heap_lock - owner thread: 0x000002cc66d4f800

Heap address: 0x0000000081400000, size: 2028 MB, Compressed Oops mode: 32-bit
Narrow klass base: 0x0000000000000000, Narrow klass shift: 3
Compressed class space size: 1073741824 Address: 0x0000000100000000

Heap:
 garbage-first heap   total 131072K, used 1623K [0x0000000081400000, 0x0000000100000000)
  region size 1024K, 2 young (2048K), 2 survivors (2048K)
 Metaspace       used 7762K, capacity 7915K, committed 8064K, reserved 1064960K
  class space    used 711K, capacity 784K, committed 896K, reserved 1048576K
Heap Regions: E=young(eden), S=young(survivor), O=old, HS=humongous(starts), HC=humongous(continues), CS=collection set, F=free, A=archive, TAMS=top-at-mark-start (previous, next)
|   0|0x0000000081400000, 0x0000000081400000, 0x0000000081500000|  0%| F|  |TAMS 0x0000000081400000, 0x0000000081400000| Untracked 
|   1|0x0000000081500000, 0x0000000081500000, 0x0000000081600000|  0%| F|  |TAMS 0x0000000081500000, 0x0000000081500000| Untracked 
|   2|0x0000000081600000, 0x0000000081600000, 0x0000000081700000|  0%| F|  |TAMS 0x0000000081600000, 0x0000000081600000| Untracked 
|   3|0x0000000081700000, 0x0000000081700000, 0x0000000081800000|  0%| F|  |TAMS 0x0000000081700000, 0x0000000081700000| Untracked 
|   4|0x0000000081800000, 0x0000000081800000, 0x0000000081900000|  0%| F|  |TAMS 0x0000000081800000, 0x0000000081800000| Untracked 
|   5|0x0000000081900000, 0x0000000081900000, 0x0000000081a00000|  0%| F|  |TAMS 0x0000000081900000, 0x0000000081900000| Untracked 
|   6|0x0000000081a00000, 0x0000000081a00000, 0x0000000081b00000|  0%| F|  |TAMS 0x0000000081a00000, 0x0000000081a00000| Untracked 
|   7|0x0000000081b00000, 0x0000000081b00000, 0x0000000081c00000|  0%| F|  |TAMS 0x0000000081b00000, 0x0000000081b00000| Untracked 
|   8|0x0000000081c00000, 0x0000000081c00000, 0x0000000081d00000|  0%| F|  |TAMS 0x0000000081c00000, 0x0000000081c00000| Untracked 
|   9|0x0000000081d00000, 0x0000000081d00000, 0x0000000081e00000|  0%| F|  |TAMS 0x0000000081d00000, 0x0000000081d00000| Untracked 
|  10|0x0000000081e00000, 0x0000000081e00000, 0x0000000081f00000|  0%| F|  |TAMS 0x0000000081e00000, 0x0000000081e00000| Untracked 
|  11|0x0000000081f00000, 0x0000000081f00000, 0x0000000082000000|  0%| F|  |TAMS 0x0000000081f00000, 0x0000000081f00000| Untracked 
|  12|0x0000000082000000, 0x0000000082000000, 0x0000000082100000|  0%| F|  |TAMS 0x0000000082000000, 0x0000000082000000| Untracked 
|  13|0x0000000082100000, 0x0000000082100000, 0x0000000082200000|  0%| F|  |TAMS 0x0000000082100000, 0x0000000082100000| Untracked 
|  14|0x0000000082200000, 0x0000000082200000, 0x0000000082300000|  0%| F|  |TAMS 0x0000000082200000, 0x0000000082200000| Untracked 
|  15|0x0000000082300000, 0x0000000082300000, 0x0000000082400000|  0%| F|  |TAMS 0x0000000082300000, 0x0000000082300000| Untracked 
|  16|0x0000000082400000, 0x0000000082400000, 0x0000000082500000|  0%| F|  |TAMS 0x0000000082400000, 0x0000000082400000| Untracked 
|  17|0x0000000082500000, 0x0000000082500000, 0x0000000082600000|  0%| F|  |TAMS 0x0000000082500000, 0x0000000082500000| Untracked 
|  18|0x0000000082600000, 0x0000000082600000, 0x0000000082700000|  0%| F|  |TAMS 0x0000000082600000, 0x0000000082600000| Untracked 
|  19|0x0000000082700000, 0x0000000082700000, 0x0000000082800000|  0%| F|  |TAMS 0x0000000082700000, 0x0000000082700000| Untracked 
|  20|0x0000000082800000, 0x0000000082800000, 0x0000000082900000|  0%| F|  |TAMS 0x0000000082800000, 0x0000000082800000| Untracked 
|  21|0x0000000082900000, 0x0000000082900000, 0x0000000082a00000|  0%| F|  |TAMS 0x0000000082900000, 0x0000000082900000| Untracked 
|  22|0x0000000082a00000, 0x0000000082a00000, 0x0000000082b00000|  0%| F|  |TAMS 0x0000000082a00000, 0x0000000082a00000| Untracked 
|  23|0x0000000082b00000, 0x0000000082b00000, 0x0000000082c00000|  0%| F|  |TAMS 0x0000000082b00000, 0x0000000082b00000| Untracked 
|  24|0x0000000082c00000, 0x0000000082c00000, 0x0000000082d00000|  0%| F|  |TAMS 0x0000000082c00000, 0x0000000082c00000| Untracked 
|  25|0x0000000082d00000, 0x0000000082d00000, 0x0000000082e00000|  0%| F|  |TAMS 0x0000000082d00000, 0x0000000082d00000| Untracked 
|  26|0x0000000082e00000, 0x0000000082e00000, 0x0000000082f00000|  0%| F|  |TAMS 0x0000000082e00000, 0x0000000082e00000| Untracked 
|  27|0x0000000082f00000, 0x0000000082f00000, 0x0000000083000000|  0%| F|  |TAMS 0x0000000082f00000, 0x0000000082f00000| Untracked 
|  28|0x0000000083000000, 0x0000000083000000, 0x0000000083100000|  0%| F|  |TAMS 0x0000000083000000, 0x0000000083000000| Untracked 
|  29|0x0000000083100000, 0x0000000083100000, 0x0000000083200000|  0%| F|  |TAMS 0x0000000083100000, 0x0000000083100000| Untracked 
|  30|0x0000000083200000, 0x0000000083200000, 0x0000000083300000|  0%| F|  |TAMS 0x0000000083200000, 0x0000000083200000| Untracked 
|  31|0x0000000083300000, 0x0000000083300000, 0x0000000083400000|  0%| F|  |TAMS 0x0000000083300000, 0x0000000083300000| Untracked 
|  32|0x0000000083400000, 0x0000000083400000, 0x0000000083500000|  0%| F|  |TAMS 0x0000000083400000, 0x0000000083400000| Untracked 
|  33|0x0000000083500000, 0x0000000083500000, 0x0000000083600000|  0%| F|  |TAMS 0x0000000083500000, 0x0000000083500000| Untracked 
|  34|0x0000000083600000, 0x0000000083600000, 0x0000000083700000|  0%| F|  |TAMS 0x0000000083600000, 0x0000000083600000| Untracked 
|  35|0x0000000083700000, 0x0000000083700000, 0x0000000083800000|  0%| F|  |TAMS 0x0000000083700000, 0x0000000083700000| Untracked 
|  36|0x0000000083800000, 0x0000000083800000, 0x0000000083900000|  0%| F|  |TAMS 0x0000000083800000, 0x0000000083800000| Untracked 
|  37|0x0000000083900000, 0x0000000083900000, 0x0000000083a00000|  0%| F|  |TAMS 0x0000000083900000, 0x0000000083900000| Untracked 
|  38|0x0000000083a00000, 0x0000000083a00000, 0x0000000083b00000|  0%| F|  |TAMS 0x0000000083a00000, 0x0000000083a00000| Untracked 
|  39|0x0000000083b00000, 0x0000000083b00000, 0x0000000083c00000|  0%| F|  |TAMS 0x0000000083b00000, 0x0000000083b00000| Untracked 
|  40|0x0000000083c00000, 0x0000000083c00000, 0x0000000083d00000|  0%| F|  |TAMS 0x0000000083c00000, 0x0000000083c00000| Untracked 
|  41|0x0000000083d00000, 0x0000000083d00000, 0x0000000083e00000|  0%| F|  |TAMS 0x0000000083d00000, 0x0000000083d00000| Untracked 
|  42|0x0000000083e00000, 0x0000000083e00000, 0x0000000083f00000|  0%| F|  |TAMS 0x0000000083e00000, 0x0000000083e00000| Untracked 
|  43|0x0000000083f00000, 0x0000000083f00000, 0x0000000084000000|  0%| F|  |TAMS 0x0000000083f00000, 0x0000000083f00000| Untracked 
|  44|0x0000000084000000, 0x0000000084000000, 0x0000000084100000|  0%| F|  |TAMS 0x0000000084000000, 0x0000000084000000| Untracked 
|  45|0x0000000084100000, 0x0000000084100000, 0x0000000084200000|  0%| F|  |TAMS 0x0000000084100000, 0x0000000084100000| Untracked 
|  46|0x0000000084200000, 0x0000000084200000, 0x0000000084300000|  0%| F|  |TAMS 0x0000000084200000, 0x0000000084200000| Untracked 
|  47|0x0000000084300000, 0x0000000084300000, 0x0000000084400000|  0%| F|  |TAMS 0x0000000084300000, 0x0000000084300000| Untracked 
|  48|0x0000000084400000, 0x0000000084400000, 0x0000000084500000|  0%| F|  |TAMS 0x0000000084400000, 0x0000000084400000| Untracked 
|  49|0x0000000084500000, 0x0000000084500000, 0x0000000084600000|  0%| F|  |TAMS 0x0000000084500000, 0x0000000084500000| Untracked 
|  50|0x0000000084600000, 0x0000000084600000, 0x0000000084700000|  0%| F|  |TAMS 0x0000000084600000, 0x0000000084600000| Untracked 
|  51|0x0000000084700000, 0x0000000084700000, 0x0000000084800000|  0%| F|  |TAMS 0x0000000084700000, 0x0000000084700000| Untracked 
|  52|0x0000000084800000, 0x0000000084800000, 0x0000000084900000|  0%| F|  |TAMS 0x0000000084800000, 0x0000000084800000| Untracked 
|  53|0x0000000084900000, 0x0000000084900000, 0x0000000084a00000|  0%| F|  |TAMS 0x0000000084900000, 0x0000000084900000| Untracked 
|  54|0x0000000084a00000, 0x0000000084a00000, 0x0000000084b00000|  0%| F|  |TAMS 0x0000000084a00000, 0x0000000084a00000| Untracked 
|  55|0x0000000084b00000, 0x0000000084b00000, 0x0000000084c00000|  0%| F|  |TAMS 0x0000000084b00000, 0x0000000084b00000| Untracked 
|  56|0x0000000084c00000, 0x0000000084c00000, 0x0000000084d00000|  0%| F|  |TAMS 0x0000000084c00000, 0x0000000084c00000| Untracked 
|  57|0x0000000084d00000, 0x0000000084d00000, 0x0000000084e00000|  0%| F|  |TAMS 0x0000000084d00000, 0x0000000084d00000| Untracked 
|  58|0x0000000084e00000, 0x0000000084e00000, 0x0000000084f00000|  0%| F|  |TAMS 0x0000000084e00000, 0x0000000084e00000| Untracked 
|  59|0x0000000084f00000, 0x0000000084f00000, 0x0000000085000000|  0%| F|  |TAMS 0x0000000084f00000, 0x0000000084f00000| Untracked 
|  60|0x0000000085000000, 0x0000000085000000, 0x0000000085100000|  0%| F|  |TAMS 0x0000000085000000, 0x0000000085000000| Untracked 
|  61|0x0000000085100000, 0x0000000085100000, 0x0000000085200000|  0%| F|  |TAMS 0x0000000085100000, 0x0000000085100000| Untracked 
|  62|0x0000000085200000, 0x0000000085200000, 0x0000000085300000|  0%| F|  |TAMS 0x0000000085200000, 0x0000000085200000| Untracked 
|  63|0x0000000085300000, 0x0000000085300000, 0x0000000085400000|  0%| F|  |TAMS 0x0000000085300000, 0x0000000085300000| Untracked 
|  64|0x0000000085400000, 0x0000000085400000, 0x0000000085500000|  0%| F|  |TAMS 0x0000000085400000, 0x0000000085400000| Untracked 
|  65|0x0000000085500000, 0x0000000085500000, 0x0000000085600000|  0%| F|  |TAMS 0x0000000085500000, 0x0000000085500000| Untracked 
|  66|0x0000000085600000, 0x0000000085600000, 0x0000000085700000|  0%| F|  |TAMS 0x0000000085600000, 0x0000000085600000| Untracked 
|  67|0x0000000085700000, 0x0000000085700000, 0x0000000085800000|  0%| F|  |TAMS 0x0000000085700000, 0x0000000085700000| Untracked 
|  68|0x0000000085800000, 0x0000000085800000, 0x0000000085900000|  0%| F|  |TAMS 0x0000000085800000, 0x0000000085800000| Untracked 
|  69|0x0000000085900000, 0x0000000085900000, 0x0000000085a00000|  0%| F|  |TAMS 0x0000000085900000, 0x0000000085900000| Untracked 
|  70|0x0000000085a00000, 0x0000000085a00000, 0x0000000085b00000|  0%| F|  |TAMS 0x0000000085a00000, 0x0000000085a00000| Untracked 
|  71|0x0000000085b00000, 0x0000000085b00000, 0x0000000085c00000|  0%| F|  |TAMS 0x0000000085b00000, 0x0000000085b00000| Untracked 
|  72|0x0000000085c00000, 0x0000000085c00000, 0x0000000085d00000|  0%| F|  |TAMS 0x0000000085c00000, 0x0000000085c00000| Untracked 
|  73|0x0000000085d00000, 0x0000000085d00000, 0x0000000085e00000|  0%| F|  |TAMS 0x0000000085d00000, 0x0000000085d00000| Untracked 
|  74|0x0000000085e00000, 0x0000000085e00000, 0x0000000085f00000|  0%| F|  |TAMS 0x0000000085e00000, 0x0000000085e00000| Untracked 
|  75|0x0000000085f00000, 0x0000000085f00000, 0x0000000086000000|  0%| F|  |TAMS 0x0000000085f00000, 0x0000000085f00000| Untracked 
|  76|0x0000000086000000, 0x0000000086000000, 0x0000000086100000|  0%| F|  |TAMS 0x0000000086000000, 0x0000000086000000| Untracked 
|  77|0x0000000086100000, 0x0000000086100000, 0x0000000086200000|  0%| F|  |TAMS 0x0000000086100000, 0x0000000086100000| Untracked 
|  78|0x0000000086200000, 0x0000000086200000, 0x0000000086300000|  0%| F|  |TAMS 0x0000000086200000, 0x0000000086200000| Untracked 
|  79|0x0000000086300000, 0x0000000086300000, 0x0000000086400000|  0%| F|  |TAMS 0x0000000086300000, 0x0000000086300000| Untracked 
|  80|0x0000000086400000, 0x0000000086400000, 0x0000000086500000|  0%| F|  |TAMS 0x0000000086400000, 0x0000000086400000| Untracked 
|  81|0x0000000086500000, 0x0000000086500000, 0x0000000086600000|  0%| F|  |TAMS 0x0000000086500000, 0x0000000086500000| Untracked 
|  82|0x0000000086600000, 0x0000000086600000, 0x0000000086700000|  0%| F|  |TAMS 0x0000000086600000, 0x0000000086600000| Untracked 
|  83|0x0000000086700000, 0x0000000086700000, 0x0000000086800000|  0%| F|  |TAMS 0x0000000086700000, 0x0000000086700000| Untracked 
|  84|0x0000000086800000, 0x0000000086800000, 0x0000000086900000|  0%| F|  |TAMS 0x0000000086800000, 0x0000000086800000| Untracked 
|  85|0x0000000086900000, 0x0000000086900000, 0x0000000086a00000|  0%| F|  |TAMS 0x0000000086900000, 0x0000000086900000| Untracked 
|  86|0x0000000086a00000, 0x0000000086a00000, 0x0000000086b00000|  0%| F|  |TAMS 0x0000000086a00000, 0x0000000086a00000| Untracked 
|  87|0x0000000086b00000, 0x0000000086b00000, 0x0000000086c00000|  0%| F|  |TAMS 0x0000000086b00000, 0x0000000086b00000| Untracked 
|  88|0x0000000086c00000, 0x0000000086c00000, 0x0000000086d00000|  0%| F|  |TAMS 0x0000000086c00000, 0x0000000086c00000| Untracked 
|  89|0x0000000086d00000, 0x0000000086d00000, 0x0000000086e00000|  0%| F|  |TAMS 0x0000000086d00000, 0x0000000086d00000| Untracked 
|  90|0x0000000086e00000, 0x0000000086e00000, 0x0000000086f00000|  0%| F|  |TAMS 0x0000000086e00000, 0x0000000086e00000| Untracked 
|  91|0x0000000086f00000, 0x0000000086f00000, 0x0000000087000000|  0%| F|  |TAMS 0x0000000086f00000, 0x0000000086f00000| Untracked 
|  92|0x0000000087000000, 0x0000000087000000, 0x0000000087100000|  0%| F|  |TAMS 0x0000000087000000, 0x0000000087000000| Untracked 
|  93|0x0000000087100000, 0x0000000087100000, 0x0000000087200000|  0%| F|  |TAMS 0x0000000087100000, 0x0000000087100000| Untracked 
|  94|0x0000000087200000, 0x0000000087200000, 0x0000000087300000|  0%| F|  |TAMS 0x0000000087200000, 0x0000000087200000| Untracked 
|  95|0x0000000087300000, 0x0000000087300000, 0x0000000087400000|  0%| F|  |TAMS 0x0000000087300000, 0x0000000087300000| Untracked 
|  96|0x0000000087400000, 0x0000000087400000, 0x0000000087500000|  0%| F|  |TAMS 0x0000000087400000, 0x0000000087400000| Untracked 
|  97|0x0000000087500000, 0x0000000087500000, 0x0000000087600000|  0%| F|  |TAMS 0x0000000087500000, 0x0000000087500000| Untracked 
|  98|0x0000000087600000, 0x0000000087600000, 0x0000000087700000|  0%| F|  |TAMS 0x0000000087600000, 0x0000000087600000| Untracked 
|  99|0x0000000087700000, 0x0000000087700000, 0x0000000087800000|  0%| F|  |TAMS 0x0000000087700000, 0x0000000087700000| Untracked 
| 100|0x0000000087800000, 0x0000000087800000, 0x0000000087900000|  0%| F|  |TAMS 0x0000000087800000, 0x0000000087800000| Untracked 
| 101|0x0000000087900000, 0x0000000087900000, 0x0000000087a00000|  0%| F|  |TAMS 0x0000000087900000, 0x0000000087900000| Untracked 
| 102|0x0000000087a00000, 0x0000000087a00000, 0x0000000087b00000|  0%| F|  |TAMS 0x0000000087a00000, 0x0000000087a00000| Untracked 
| 103|0x0000000087b00000, 0x0000000087b00000, 0x0000000087c00000|  0%| F|  |TAMS 0x0000000087b00000, 0x0000000087b00000| Untracked 
| 104|0x0000000087c00000, 0x0000000087c00000, 0x0000000087d00000|  0%| F|  |TAMS 0x0000000087c00000, 0x0000000087c00000| Untracked 
| 105|0x0000000087d00000, 0x0000000087d00000, 0x0000000087e00000|  0%| F|  |TAMS 0x0000000087d00000, 0x0000000087d00000| Untracked 
| 106|0x0000000087e00000, 0x0000000087e00000, 0x0000000087f00000|  0%| F|  |TAMS 0x0000000087e00000, 0x0000000087e00000| Untracked 
| 107|0x0000000087f00000, 0x0000000087f00000, 0x0000000088000000|  0%| F|  |TAMS 0x0000000087f00000, 0x0000000087f00000| Untracked 
| 108|0x0000000088000000, 0x0000000088000000, 0x0000000088100000|  0%| F|  |TAMS 0x0000000088000000, 0x0000000088000000| Untracked 
| 109|0x0000000088100000, 0x0000000088100000, 0x0000000088200000|  0%| F|  |TAMS 0x0000000088100000, 0x0000000088100000| Untracked 
| 110|0x0000000088200000, 0x0000000088200000, 0x0000000088300000|  0%| F|  |TAMS 0x0000000088200000, 0x0000000088200000| Untracked 
| 111|0x0000000088300000, 0x0000000088300000, 0x0000000088400000|  0%| F|  |TAMS 0x0000000088300000, 0x0000000088300000| Untracked 
| 112|0x0000000088400000, 0x0000000088400000, 0x0000000088500000|  0%| F|  |TAMS 0x0000000088400000, 0x0000000088400000| Untracked 
| 113|0x0000000088500000, 0x0000000088500000, 0x0000000088600000|  0%| F|  |TAMS 0x0000000088500000, 0x0000000088500000| Untracked 
| 114|0x0000000088600000, 0x0000000088600000, 0x0000000088700000|  0%| F|  |TAMS 0x0000000088600000, 0x0000000088600000| Untracked 
| 115|0x0000000088700000, 0x0000000088700000, 0x0000000088800000|  0%| F|  |TAMS 0x0000000088700000, 0x0000000088700000| Untracked 
| 116|0x0000000088800000, 0x0000000088800000, 0x0000000088900000|  0%| F|  |TAMS 0x0000000088800000, 0x0000000088800000| Untracked 
| 117|0x0000000088900000, 0x0000000088900000, 0x0000000088a00000|  0%| F|  |TAMS 0x0000000088900000, 0x0000000088900000| Untracked 
| 118|0x0000000088a00000, 0x0000000088a00000, 0x0000000088b00000|  0%| F|  |TAMS 0x0000000088a00000, 0x0000000088a00000| Untracked 
| 119|0x0000000088b00000, 0x0000000088b00000, 0x0000000088c00000|  0%| F|  |TAMS 0x0000000088b00000, 0x0000000088b00000| Untracked 
| 120|0x0000000088c00000, 0x0000000088c00000, 0x0000000088d00000|  0%| F|  |TAMS 0x0000000088c00000, 0x0000000088c00000| Untracked 
| 121|0x0000000088d00000, 0x0000000088d95dd0, 0x0000000088e00000| 58%| S|CS|TAMS 0x0000000088d00000, 0x0000000088d00000| Complete 
| 122|0x0000000088e00000, 0x0000000088f00000, 0x0000000088f00000|100%| S|CS|TAMS 0x0000000088e00000, 0x0000000088e00000| Complete 
| 123|0x0000000088f00000, 0x0000000088f00000, 0x0000000089000000|  0%| F|  |TAMS 0x0000000088f00000, 0x0000000088f00000| Untracked 
| 124|0x0000000089000000, 0x0000000089000000, 0x0000000089100000|  0%| F|  |TAMS 0x0000000089000000, 0x0000000089000000| Untracked 
| 125|0x0000000089100000, 0x0000000089100000, 0x0000000089200000|  0%| F|  |TAMS 0x0000000089100000, 0x0000000089100000| Untracked 
| 126|0x0000000089200000, 0x0000000089200000, 0x0000000089300000|  0%| F|  |TAMS 0x0000000089200000, 0x0000000089200000| Untracked 
| 127|0x0000000089300000, 0x0000000089300000, 0x0000000089400000|  0%| F|  |TAMS 0x0000000089300000, 0x0000000089300000| Untracked 

Card table byte_map: [0x000002cc79f80000,0x000002cc7a380000] _byte_map_base: 0x000002cc79b76000

Marking Bits (Prev, Next): (CMBitMap*) 0x000002cc66d8dac8, (CMBitMap*) 0x000002cc66d8db00
 Prev Bits: [0x000002cc7a780000, 0x000002cc7c730000)
 Next Bits: [0x000002cc7c730000, 0x000002cc7e6e0000)

Polling page: 0x000002cc64cd0000

Metaspace:

Usage:
  Non-class:      6.96 MB capacity,     6.89 MB ( 99%) used,    73.93 KB (  1%) free+waste,     6.00 KB ( <1%) overhead. 
      Class:    784.00 KB capacity,   711.52 KB ( 91%) used,    69.60 KB (  9%) free+waste,     2.88 KB ( <1%) overhead. 
       Both:      7.73 MB capacity,     7.58 MB ( 98%) used,   143.53 KB (  2%) free+waste,     8.88 KB ( <1%) overhead. 

Virtual space:
  Non-class space:       16.00 MB reserved,       7.00 MB ( 44%) committed 
      Class space:        1.00 GB reserved,     896.00 KB ( <1%) committed 
             Both:        1.02 GB reserved,       7.88 MB ( <1%) committed 

Chunk freelists:
   Non-Class:  37.00 KB
       Class:  16.00 KB
        Both:  53.00 KB

MaxMetaspaceSize: 17179869184.00 GB
CompressedClassSpaceSize: 1.00 GB

CodeHeap 'non-profiled nmethods': size=120000Kb used=89Kb max_used=89Kb free=119910Kb
 bounds [0x000002cc72320000, 0x000002cc72590000, 0x000002cc79850000]
CodeHeap 'profiled nmethods': size=120000Kb used=438Kb max_used=438Kb free=119561Kb
 bounds [0x000002cc6adf0000, 0x000002cc6b060000, 0x000002cc72320000]
CodeHeap 'non-nmethods': size=5760Kb used=1066Kb max_used=1078Kb free=4693Kb
 bounds [0x000002cc6a850000, 0x000002cc6aac0000, 0x000002cc6adf0000]
 total_blobs=694 nmethods=332 adapters=274
 compilation: enabled
              stopped_count=0, restarted_count=0
 full_count=0

Compilation events (20 events):
Event: 1.011 Thread 0x000002cc7fac3000 nmethod 321 0x000002cc6ae58110 code [0x000002cc6ae58440, 0x000002cc6ae59758]
Event: 1.011 Thread 0x000002cc7fac3000  322   !   3       java.util.jar.JarFile::isMultiRelease (33 bytes)
Event: 1.012 Thread 0x000002cc7fac3000 nmethod 322 0x000002cc6ae59f10 code [0x000002cc6ae5a0e0, 0x000002cc6ae5a2c8]
Event: 1.029 Thread 0x000002cc7fabf000  323 %     4       java.lang.StringLatin1::inflate @ 3 (34 bytes)
Event: 1.030 Thread 0x000002cc7fac3000  325       3       java.lang.Character::codePointAt (51 bytes)
Event: 1.031 Thread 0x000002cc7fac3000 nmethod 325 0x000002cc6ae5a390 code [0x000002cc6ae5a5a0, 0x000002cc6ae5abe8]
Event: 1.031 Thread 0x000002cc7fac3000  326       3       java.lang.Character::isHighSurrogate (18 bytes)
Event: 1.031 Thread 0x000002cc7fac3000 nmethod 326 0x000002cc6ae5ad90 code [0x000002cc6ae5af40, 0x000002cc6ae5b0b8]
Event: 1.047 Thread 0x000002cc7fac3000  328       3       java.lang.ref.WeakReference::<init> (7 bytes)
Event: 1.048 Thread 0x000002cc7fabf000 nmethod 323% 0x000002cc72335590 code [0x000002cc72335740, 0x000002cc72335bb8]
Event: 1.048 Thread 0x000002cc7fac3000 nmethod 328 0x000002cc6ae5b190 code [0x000002cc6ae5b360, 0x000002cc6ae5b638]
Event: 1.048 Thread 0x000002cc7fabf000  324       4       java.lang.StringUTF16::compress (50 bytes)
Event: 1.058 Thread 0x000002cc7fac3000  331       3       java.util.regex.Matcher::reset (128 bytes)
Event: 1.059 Thread 0x000002cc7fac3000 nmethod 331 0x000002cc6ae5b710 code [0x000002cc6ae5b920, 0x000002cc6ae5beb8]
Event: 1.059 Thread 0x000002cc7fac3000  332       3       java.util.regex.Matcher::match (154 bytes)
Event: 1.059 Thread 0x000002cc7fabf000 nmethod 324 0x000002cc72335d10 code [0x000002cc72335ea0, 0x000002cc723361d8]
Event: 1.059 Thread 0x000002cc7fabf000  330       4       java.lang.StringLatin1::inflate (34 bytes)
Event: 1.060 Thread 0x000002cc7fac3000 nmethod 332 0x000002cc6ae5c110 code [0x000002cc6ae5c300, 0x000002cc6ae5c878]
Event: 1.060 Thread 0x000002cc7fac3000  334       3       jdk.internal.org.objectweb.asm.Item::isEqualTo (354 bytes)
Event: 1.062 Thread 0x000002cc7fac3000 nmethod 334 0x000002cc6ae5ca90 code [0x000002cc6ae5cd00, 0x000002cc6ae5d7e8]

GC Heap History (2 events):
Event: 1.064 GC heap before
{Heap before GC invocations=0 (full 0):
 garbage-first heap   total 131072K, used 3072K [0x0000000081400000, 0x0000000100000000)
  region size 1024K, 5 young (5120K), 0 survivors (0K)
 Metaspace       used 7762K, capacity 7915K, committed 8064K, reserved 1062912K
  class space    used 711K, capacity 784K, committed 896K, reserved 1048576K
}
Event: 1.076 GC heap after
{Heap after GC invocations=1 (full 0):
 garbage-first heap   total 131072K, used 1623K [0x0000000081400000, 0x0000000100000000)
  region size 1024K, 2 young (2048K), 2 survivors (2048K)
 Metaspace       used 7762K, capacity 7915K, committed 8064K, reserved 1062912K
  class space    used 711K, capacity 784K, committed 896K, reserved 1048576K
}

Deoptimization events (20 events):
Event: 0.761 Thread 0x000002cc66d4f800 DEOPT PACKING pc=0x000002cc6ae41d3b sp=0x000000d11a2f6e70
Event: 0.761 Thread 0x000002cc66d4f800 DEOPT UNPACKING pc=0x000002cc6a876dde sp=0x000000d11a2f6340 mode 0
Event: 0.761 Thread 0x000002cc66d4f800 DEOPT PACKING pc=0x000002cc6ae41d3b sp=0x000000d11a2f6e70
Event: 0.761 Thread 0x000002cc66d4f800 DEOPT UNPACKING pc=0x000002cc6a876dde sp=0x000000d11a2f6340 mode 0
Event: 0.762 Thread 0x000002cc66d4f800 DEOPT PACKING pc=0x000002cc6ae41d3b sp=0x000000d11a2f6e70
Event: 0.762 Thread 0x000002cc66d4f800 DEOPT UNPACKING pc=0x000002cc6a876dde sp=0x000000d11a2f6340 mode 0
Event: 1.029 Thread 0x000002cc66d4f800 DEOPT PACKING pc=0x000002cc6ae2c29b sp=0x000000d11a2fe060
Event: 1.029 Thread 0x000002cc66d4f800 DEOPT UNPACKING pc=0x000002cc6a876dde sp=0x000000d11a2fd4d0 mode 0
Event: 1.046 Thread 0x000002cc66d4f800 DEOPT PACKING pc=0x000002cc6ae2c29b sp=0x000000d11a2fe060
Event: 1.046 Thread 0x000002cc66d4f800 DEOPT UNPACKING pc=0x000002cc6a876dde sp=0x000000d11a2fd4d0 mode 0
Event: 1.046 Thread 0x000002cc66d4f800 DEOPT PACKING pc=0x000002cc6ae2c29b sp=0x000000d11a2fe060
Event: 1.046 Thread 0x000002cc66d4f800 DEOPT UNPACKING pc=0x000002cc6a876dde sp=0x000000d11a2fd4d0 mode 0
Event: 1.057 Thread 0x000002cc66d4f800 DEOPT PACKING pc=0x000002cc6ae3d0db sp=0x000000d11a2fdfc0
Event: 1.057 Thread 0x000002cc66d4f800 DEOPT UNPACKING pc=0x000002cc6a876dde sp=0x000000d11a2fd438 mode 0
Event: 1.057 Thread 0x000002cc66d4f800 DEOPT PACKING pc=0x000002cc6ae2c29b sp=0x000000d11a2fdfd0
Event: 1.057 Thread 0x000002cc66d4f800 DEOPT UNPACKING pc=0x000002cc6a876dde sp=0x000000d11a2fd440 mode 0
Event: 1.058 Thread 0x000002cc66d4f800 DEOPT PACKING pc=0x000002cc6ae3d0db sp=0x000000d11a2fdfc0
Event: 1.058 Thread 0x000002cc66d4f800 DEOPT UNPACKING pc=0x000002cc6a876dde sp=0x000000d11a2fd438 mode 0
Event: 1.058 Thread 0x000002cc66d4f800 DEOPT PACKING pc=0x000002cc6ae2c29b sp=0x000000d11a2fdfd0
Event: 1.058 Thread 0x000002cc66d4f800 DEOPT UNPACKING pc=0x000002cc6a876dde sp=0x000000d11a2fd440 mode 0

Classes redefined (0 events):
No events

Internal exceptions (3 events):
Event: 0.526 Thread 0x000002cc66d4f800 Exception <a 'java/lang/NoSuchMethodError'{0x000000008929e168}: 'int java.lang.invoke.DirectMethodHandle$Holder.invokeSpecialIFC(java.lang.Object, java.lang.Object, int)'> (0x000000008929e168) thrown at [./src/hotspot/share/interpreter/linkResolver.cpp, line 773]
Event: 0.781 Thread 0x000002cc66d4f800 Exception <a 'java/lang/NoSuchMethodError'{0x000000008906bfd0}: 'int java.lang.invoke.DirectMethodHandle$Holder.invokeStaticInit(java.lang.Object, java.lang.Object)'> (0x000000008906bfd0) thrown at [./src/hotspot/share/interpreter/linkResolver.cpp, line 773]
Event: 1.048 Thread 0x000002cc66d4f800 Exception <a 'java/lang/NoSuchMethodError'{0x0000000088f26ac0}: 'int java.lang.invoke.DirectMethodHandle$Holder.invokeSpecial(java.lang.Object, java.lang.Object, java.lang.Object, java.lang.Object)'> (0x0000000088f26ac0) thrown at [./src/hotspot/share/interpreter/linkResolver.cpp, line 773]

Events (20 events):
Event: 1.011 loading class org/gradle/internal/classloader/FilteringClassLoader done
Event: 1.012 loading class org/gradle/internal/service/DefaultServiceLocator
Event: 1.012 loading class org/gradle/internal/service/DefaultServiceLocator done
Event: 1.014 loading class org/gradle/internal/service/UnknownServiceException
Event: 1.014 loading class org/gradle/internal/service/UnknownServiceException done
Event: 1.014 loading class org/gradle/internal/service/ServiceLookupException
Event: 1.014 loading class org/gradle/internal/service/ServiceLookupException done
Event: 1.016 loading class org/gradle/internal/service/CachingServiceLocator
Event: 1.016 loading class org/gradle/internal/service/CachingServiceLocator done
Event: 1.030 loading class org/gradle/api/internal/classpath/DefaultModuleRegistry$DefaultModule
Event: 1.030 loading class org/gradle/api/internal/classpath/DefaultModuleRegistry$DefaultModule done
Event: 1.031 loading class java/util/Collections$1
Event: 1.032 loading class java/util/Collections$1 done
Event: 1.048 loading class org/gradle/api/internal/classpath/DefaultModuleRegistry
Event: 1.048 loading class org/gradle/api/internal/classpath/DefaultModuleRegistry done
Event: 1.060 loading class java/lang/invoke/DirectMethodHandle$Constructor
Event: 1.060 loading class java/lang/invoke/DirectMethodHandle$Constructor done
Event: 1.061 loading class org/gradle/util/GUtil
Event: 1.061 loading class org/gradle/util/GUtil done
Event: 1.063 Executing VM operation: CollectForMetadataAllocation


Dynamic libraries:
0x00007ff71be30000 - 0x00007ff71be3a000 	C:\Program Files\Android\Android Studio\jre\bin\java.exe
0x00007ff8fc900000 - 0x00007ff8fcb09000 	C:\WINDOWS\SYSTEM32\ntdll.dll
0x00007ff8fb570000 - 0x00007ff8fb62d000 	C:\WINDOWS\System32\KERNEL32.DLL
0x00007ff8f9f90000 - 0x00007ff8fa304000 	C:\WINDOWS\System32\KERNELBASE.dll
0x00007ff8fa310000 - 0x00007ff8fa421000 	C:\WINDOWS\System32\ucrtbase.dll
0x00007ff8f4ee0000 - 0x00007ff8f4ef9000 	C:\Program Files\Android\Android Studio\jre\bin\jli.dll
0x00007ff8fb7e0000 - 0x00007ff8fb98c000 	C:\WINDOWS\System32\USER32.dll
0x00007ff8f9df0000 - 0x00007ff8f9e16000 	C:\WINDOWS\System32\win32u.dll
0x00007ff8fc330000 - 0x00007ff8fc359000 	C:\WINDOWS\System32\GDI32.dll
0x00007ff8fa550000 - 0x00007ff8fa662000 	C:\WINDOWS\System32\gdi32full.dll
0x00007ff8fa4b0000 - 0x00007ff8fa54d000 	C:\WINDOWS\System32\msvcp_win.dll
0x00007ff8f39b0000 - 0x00007ff8f39c7000 	C:\Program Files\Android\Android Studio\jre\bin\VCRUNTIME140.dll
0x00007ff8cfd60000 - 0x00007ff8d0005000 	C:\WINDOWS\WinSxS\amd64_microsoft.windows.common-controls_6595b64144ccf1df_6.0.22000.120_none_9d947278b86cc467\COMCTL32.dll
0x00007ff8fb460000 - 0x00007ff8fb503000 	C:\WINDOWS\System32\msvcrt.dll
0x00007ff8fc670000 - 0x00007ff8fc6a1000 	C:\WINDOWS\System32\IMM32.DLL
0x00007ff8ecc70000 - 0x00007ff8ecd0d000 	C:\Program Files\Android\Android Studio\jre\bin\msvcp140.dll
0x00007ff8b2ec0000 - 0x00007ff8b3995000 	C:\Program Files\Android\Android Studio\jre\bin\server\jvm.dll
0x00007ff8fc380000 - 0x00007ff8fc42e000 	C:\WINDOWS\System32\ADVAPI32.dll
0x00007ff8fa7a0000 - 0x00007ff8fa83e000 	C:\WINDOWS\System32\sechost.dll
0x00007ff8fbbd0000 - 0x00007ff8fbcf0000 	C:\WINDOWS\System32\RPCRT4.dll
0x00007ff8fc2a0000 - 0x00007ff8fc2a8000 	C:\WINDOWS\System32\PSAPI.DLL
0x00007ff8e5f20000 - 0x00007ff8e5f29000 	C:\WINDOWS\SYSTEM32\WSOCK32.dll
0x00007ff8fc6b0000 - 0x00007ff8fc71f000 	C:\WINDOWS\System32\WS2_32.dll
0x00007ff8f4a90000 - 0x00007ff8f4ac3000 	C:\WINDOWS\SYSTEM32\WINMM.dll
0x00007ff8f1380000 - 0x00007ff8f138a000 	C:\WINDOWS\SYSTEM32\VERSION.dll
0x00007ff8f8f60000 - 0x00007ff8f8f78000 	C:\WINDOWS\SYSTEM32\kernel.appcore.dll
0x00007ff8ca910000 - 0x00007ff8ca921000 	C:\Program Files\Android\Android Studio\jre\bin\verify.dll
0x00007ff8f2ff0000 - 0x00007ff8f3211000 	C:\WINDOWS\SYSTEM32\DBGHELP.DLL
0x00007ff8f2f60000 - 0x00007ff8f2f91000 	C:\WINDOWS\SYSTEM32\dbgcore.DLL
0x00007ff8fa430000 - 0x00007ff8fa4af000 	C:\WINDOWS\System32\bcryptPrimitives.dll
0x00007ff8b4320000 - 0x00007ff8b4349000 	C:\Program Files\Android\Android Studio\jre\bin\java.dll
0x00007ff8d0b50000 - 0x00007ff8d0b5b000 	C:\Program Files\Android\Android Studio\jre\bin\jimage.dll
0x00007ff8ca410000 - 0x00007ff8ca428000 	C:\Program Files\Android\Android Studio\jre\bin\zip.dll
0x00007ff8facb0000 - 0x00007ff8fb45f000 	C:\WINDOWS\System32\SHELL32.dll
0x00007ff8f7f60000 - 0x00007ff8f87c8000 	C:\WINDOWS\SYSTEM32\windows.storage.dll
0x00007ff8fbe90000 - 0x00007ff8fc208000 	C:\WINDOWS\System32\combase.dll
0x00007ff8f7df0000 - 0x00007ff8f7f56000 	C:\WINDOWS\SYSTEM32\wintypes.dll
0x00007ff8fbda0000 - 0x00007ff8fbe8a000 	C:\WINDOWS\System32\SHCORE.dll
0x00007ff8fb9a0000 - 0x00007ff8fb9fd000 	C:\WINDOWS\System32\shlwapi.dll
0x00007ff8f9d20000 - 0x00007ff8f9d41000 	C:\WINDOWS\SYSTEM32\profapi.dll
0x00007ff8c6ba0000 - 0x00007ff8c6bba000 	C:\Program Files\Android\Android Studio\jre\bin\net.dll
0x00007ff8f4f50000 - 0x00007ff8f505c000 	C:\WINDOWS\SYSTEM32\WINHTTP.dll
0x00007ff8f9410000 - 0x00007ff8f9477000 	C:\WINDOWS\system32\mswsock.dll
0x00007ff8b4300000 - 0x00007ff8b4314000 	C:\Program Files\Android\Android Studio\jre\bin\nio.dll

dbghelp: loaded successfully - version: 4.0.5 - missing functions: none
symbol engine: initialized successfully - sym options: 0x614 - pdb path: .;C:\Program Files\Android\Android Studio\jre\bin;C:\WINDOWS\SYSTEM32;C:\WINDOWS\WinSxS\amd64_microsoft.windows.common-controls_6595b64144ccf1df_6.0.22000.120_none_9d947278b86cc467;C:\Program Files\Android\Android Studio\jre\bin\server

VM Arguments:
jvm_args: -Dorg.gradle.appname=gradlew 
java_command: org.gradle.wrapper.GradleWrapperMain -q -Ptarget-platform=android-x86 -Ptarget=C:\Users\ismai\AndroidStudioProjects\ismailapp\lib\main.dart -Pbase-application-name=android.app.Application -Pdart-defines=Zmx1dHRlci5pbnNwZWN0b3Iuc3RydWN0dXJlZEVycm9ycz10cnVl,RkxVVFRFUl9XRUJfQVVUT19ERVRFQ1Q9dHJ1ZQ== -Pdart-obfuscation=false -Ptrack-widget-creation=true -Ptree-shake-icons=false -Pfilesystem-scheme=org-dartlang-root assembleDebug
java_class_path (initial): C:\Users\ismai\AndroidStudioProjects\ismailapp\android\\gradle\wrapper\gradle-wrapper.jar
Launcher Type: SUN_STANDARD

[Global flags]
     intx CICompilerCount                          = 4                                         {product} {ergonomic}
     uint ConcGCThreads                            = 2                                         {product} {ergonomic}
     uint G1ConcRefinementThreads                  = 8                                         {product} {ergonomic}
   size_t G1HeapRegionSize                         = 1048576                                   {product} {ergonomic}
    uintx GCDrainStackTargetSize                   = 64                                        {product} {ergonomic}
   size_t InitialHeapSize                          = 134217728                                 {product} {ergonomic}
   size_t MarkStackSize                            = 4194304                                   {product} {ergonomic}
   size_t MaxHeapSize                              = 2126512128                                {product} {ergonomic}
   size_t MaxNewSize                               = 1275068416                                {product} {ergonomic}
   size_t MinHeapDeltaBytes                        = 1048576                                   {product} {ergonomic}
    uintx NonNMethodCodeHeapSize                   = 5836300                                {pd product} {ergonomic}
    uintx NonProfiledCodeHeapSize                  = 122910970                              {pd product} {ergonomic}
    uintx ProfiledCodeHeapSize                     = 122910970                              {pd product} {ergonomic}
    uintx ReservedCodeCacheSize                    = 251658240                              {pd product} {ergonomic}
     bool SegmentedCodeCache                       = true                                      {product} {ergonomic}
     bool UseCompressedClassPointers               = true                                 {lp64_product} {ergonomic}
     bool UseCompressedOops                        = true                                 {lp64_product} {ergonomic}
     bool UseG1GC                                  = true                                      {product} {ergonomic}
     bool UseLargePagesIndividualAllocation        = false                                  {pd product} {ergonomic}

Logging:
Log output configuration:
 #0: stdout all=warning uptime,level,tags
 #1: stderr all=off uptime,level,tags

Environment Variables:
JAVA_HOME=C:\Program Files\Android\Android Studio\jre
CLASSPATH=C:\Users\ismai\AndroidStudioProjects\ismailapp\android\\gradle\wrapper\gradle-wrapper.jar
PATH=C:\Program Files\Common Files\Oracle\Java\javapath;C:\Program Files (x86)\Common Files\Oracle\Java\javapath;C:\app\ismai\product\18.0.0\dbhomeXE\bin;C:\WINDOWS\system32;C:\WINDOWS;C:\WINDOWS\System32\Wbem;C:\WINDOWS\System32\WindowsPowerShell\v1.0\;C:\WINDOWS\System32\OpenSSH\;C:\Program Files\Java\jdk-11.0.4\bin;C:\Program Files\nodejs\;C:\Program Files\PuTTY\;C:\Program Files\Git\cmd;C:\Users\ismai\AppData\Local\Programs\Python\Python310\Scripts\;C:\Users\ismai\AppData\Local\Programs\Python\Python310\;C:\Users\ismai\AppData\Local\Microsoft\WindowsApps;C:\Users\ismai\AppData\Local\atom\bin;C:\Users\ismai\AppData\Local\Microsoft\WindowsApps;C:\Users\ismai\AppData\Roaming\npm;C:\Users\ismai\AppData\Local\GitHubDesktop\bin;C:\Users\ismai\AppData\Local\Programs\mongosh\;C:\Users\ismai\AppData\Local\Programs\Microsoft VS Code\bin;C:\flutter\bin;C:\Program Files\Java\jdk-16\bin;;C:\flutter\bin\mingit\cmd
USERNAME=ismai
OS=Windows_NT
PROCESSOR_IDENTIFIER=Intel64 Family 6 Model 142 Stepping 10, GenuineIntel



---------------  S Y S T E M  ---------------

OS: Windows 10 , 64 bit Build 22000 (10.0.22000.613)
OS uptime: 1 days 11:41 hours

CPU:total 8 (initial active 8) (4 cores per cpu, 2 threads per core) family 6 model 142 stepping 10 microcode 0xec, cmov, cx8, fxsr, mmx, sse, sse2, sse3, ssse3, sse4.1, sse4.2, popcnt, avx, avx2, aes, clmul, erms, 3dnowpref, lzcnt, ht, tsc, tscinvbit, bmi1, bmi2, adx, fma

Memory: 4k page, system-wide physical 8108M (68M free)
TotalPageFile size 23079M (AvailPageFile size 0M)
current process WorkingSet (physical memory assigned to process): 46M, peak: 46M
current process commit charge ("private bytes"): 208M, peak: 209M

vm_info: OpenJDK 64-Bit Server VM (11.0.11+9-b60-7590822) for windows-amd64 JRE (11.0.11+9-b60-7590822), built on Jul 29 2021 21:43:44 by "builder" with MS VC++ 14.0 (VS2015)

END.
